Build started 1/20/2012 5:42:37 PM.
     1>Project "C:\Users\skhameneh\Desktop\Touch2Tuio\TuioServer\TuioServer.vcxproj" on node 2 (build target(s)).
     1>InitializeBuildStatus:
         Creating "Release\TuioServer.unsuccessfulbuild" because "AlwaysCreate" was specified.
       ClCompile:
         All outputs are up-to-date.
       Lib:
         c:\Program Files (x86)\Microsoft Visual Studio 10.0\VC\bin\Lib.exe /OUT:"C:\Users\skhameneh\Desktop\Touch2Tuio\Release\TuioServer.lib" /NOLOGO /LTCG Release\IpEndpointName.obj
         Release\NetworkingUtils.obj
         Release\UdpSocket.obj
         Release\OscOutboundPacketStream.obj
         Release\OscPrintReceivedElements.obj
         Release\OscReceivedElements.obj
         Release\OscTypes.obj
         Release\TuioClient.obj
         Release\TuioServer.obj
         Release\TuioTime.obj
         TuioServer.vcxproj -> C:\Users\skhameneh\Desktop\Touch2Tuio\Release\TuioServer.lib
       FinalizeBuildStatus:
         Deleting file "Release\TuioServer.unsuccessfulbuild".
         Touching "Release\TuioServer.lastbuildstate".
     1>Done Building Project "C:\Users\skhameneh\Desktop\Touch2Tuio\TuioServer\TuioServer.vcxproj" (build target(s)).

Build succeeded.

Time Elapsed 00:00:00.18
